<?xml version="1.0" encoding="utf-8"?><testsuites name="pytest tests"><testsuite name="pytest" errors="0" failures="0" skipped="0" tests="45" time="7.960" timestamp="2026-03-10T21:36:01.557389+00:00" hostname="agent-env-5ca91b99-3673-4e06-b936-6f01e5b5cb39"><testcase classname="tests.test_comprehensive_backend.TestHealthEndpoints" name="test_health_endpoint" time="0.183" /><testcase classname="tests.test_comprehensive_backend.TestHealthEndpoints" name="test_root_endpoint" time="0.110" /><testcase classname="tests.test_comprehensive_backend.TestOrganizationsEndpoints" name="test_list_organizations" time="0.114" /><testcase classname="tests.test_comprehensive_backend.TestOrganizationsEndpoints" name="test_get_single_organization" time="0.129" /><testcase classname="tests.test_comprehensive_backend.TestOrganizationsEndpoints" name="test_organization_not_found" time="0.114" /><testcase classname="tests.test_comprehensive_backend.TestReviewsEndpoints" name="test_list_reviews" time="0.118" /><testcase classname="tests.test_comprehensive_backend.TestReviewsEndpoints" name="test_filter_reviews_by_status_approved" time="0.140" /><testcase classname="tests.test_comprehensive_backend.TestReviewsEndpoints" name="test_filter_reviews_by_status_pending" time="0.134" /><testcase classname="tests.test_comprehensive_backend.TestReviewsEndpoints" name="test_get_single_review" time="0.141" /><testcase classname="tests.test_comprehensive_backend.TestReviewsEndpoints" name="test_review_not_found" time="0.119" /><testcase classname="tests.test_comprehensive_backend.TestNewsEndpoints" name="test_list_news" time="0.108" /><testcase classname="tests.test_comprehensive_backend.TestNewsEndpoints" name="test_filter_news_by_level" time="0.115" /><testcase classname="tests.test_comprehensive_backend.TestNewsEndpoints" name="test_filter_news_by_category" time="0.126" /><testcase classname="tests.test_comprehensive_backend.TestNewsEndpoints" name="test_get_single_news_article" time="0.195" /><testcase classname="tests.test_comprehensive_backend.TestWidgetsEndpoints" name="test_weather_widget" time="0.671" /><testcase classname="tests.test_comprehensive_backend.TestWidgetsEndpoints" name="test_currency_widget" time="0.597" /><testcase classname="tests.test_comprehensive_backend.TestWidgetsEndpoints" name="test_magnetic_widget" time="0.204" /><testcase classname="tests.test_comprehensive_backend.TestWidgetsEndpoints" name="test_location_search" time="1.224" /><testcase classname="tests.test_comprehensive_backend.TestMapEndpoints" name="test_problems_map" time="0.117" /><testcase classname="tests.test_comprehensive_backend.TestRewardsEndpoints" name="test_list_rewards" time="0.116" /><testcase classname="tests.test_comprehensive_backend.TestRatingEndpoints" name="test_leaderboard" time="0.108" /><testcase classname="tests.test_comprehensive_backend.TestAuthProtectedEndpoints" name="test_post_reviews_requires_auth" time="0.104" /><testcase classname="tests.test_comprehensive_backend.TestAuthProtectedEndpoints" name="test_post_news_requires_auth" time="0.118" /><testcase classname="tests.test_comprehensive_backend.TestAuthProtectedEndpoints" name="test_notifications_requires_auth" time="0.105" /><testcase classname="tests.test_comprehensive_backend.TestAuthProtectedEndpoints" name="test_profile_requires_auth" time="0.116" /><testcase classname="tests.test_comprehensive_backend.TestAuthProtectedEndpoints" name="test_verification_status_requires_auth" time="0.112" /><testcase classname="tests.test_comprehensive_backend.TestAuthProtectedEndpoints" name="test_referral_stats_requires_auth" time="0.129" /><testcase classname="tests.test_comprehensive_backend.TestAuthProtectedEndpoints" name="test_points_balance_requires_auth" time="0.115" /><testcase classname="tests.test_comprehensive_backend.TestAuthProtectedEndpoints" name="test_rating_status_requires_auth" time="0.175" /><testcase classname="tests.test_comprehensive_backend.TestAuthenticatedFlows" name="test_get_profile" time="0.108" /><testcase classname="tests.test_comprehensive_backend.TestAuthenticatedFlows" name="test_get_notifications" time="0.111" /><testcase classname="tests.test_comprehensive_backend.TestAuthenticatedFlows" name="test_get_rating_status" time="0.118" /><testcase classname="tests.test_comprehensive_backend.TestAuthenticatedFlows" name="test_get_verification_status" time="0.110" /><testcase classname="tests.test_comprehensive_backend.TestAuthenticatedFlows" name="test_get_referral_stats" time="0.124" /><testcase classname="tests.test_comprehensive_backend.TestAuthenticatedFlows" name="test_get_points_balance" time="0.112" /><testcase classname="tests.test_comprehensive_backend.TestAuthenticatedFlows" name="test_create_news_article" time="0.132" /><testcase classname="tests.test_comprehensive_backend.TestAuthenticatedFlows" name="test_like_news_article" time="0.203" /><testcase classname="tests.test_comprehensive_backend.TestAuthenticatedFlows" name="test_create_review" time="0.121" /><testcase classname="tests.test_comprehensive_backend.TestAdminEndpoints" name="test_admin_stats" time="0.112" /><testcase classname="tests.test_comprehensive_backend.TestAdminEndpoints" name="test_admin_reviews" time="0.121" /><testcase classname="tests.test_comprehensive_backend.TestAdminEndpoints" name="test_admin_users" time="0.139" /><testcase classname="tests.test_comprehensive_backend.TestVerificationFlows" name="test_phone_verification_send_code" time="0.118" /><testcase classname="tests.test_comprehensive_backend.TestVerificationFlows" name="test_passport_verification_invalid" time="0.110" /><testcase classname="tests.test_comprehensive_backend.TestVerificationFlows" name="test_bank_id_verification" time="0.140" /><testcase classname="tests.test_comprehensive_backend.TestVerificationFlows" name="test_yandex_id_verification" time="0.119" /></testsuite></testsuites>