<?xml version="1.0" encoding="utf-8"?><testsuites name="pytest tests"><testsuite name="pytest" errors="0" failures="0" skipped="0" tests="20" time="2.750" timestamp="2026-04-01T22:30:54.382183+00:00" hostname="agent-env-5ca91b99-3673-4e06-b936-6f01e5b5cb39"><testcase classname="backend.tests.test_support_legal_features.TestFAQEndpoint" name="test_get_faq_returns_8_items" time="0.154" /><testcase classname="backend.tests.test_support_legal_features.TestFAQEndpoint" name="test_faq_no_auth_required" time="0.111" /><testcase classname="backend.tests.test_support_legal_features.TestLegalInfoEndpoint" name="test_get_legal_info" time="0.108" /><testcase classname="backend.tests.test_support_legal_features.TestLegalInfoEndpoint" name="test_legal_info_no_auth_required" time="0.111" /><testcase classname="backend.tests.test_support_legal_features.TestSupportTicketsAuth" name="test_post_tickets_requires_auth" time="0.102" /><testcase classname="backend.tests.test_support_legal_features.TestSupportTicketsAuth" name="test_get_tickets_requires_auth" time="0.115" /><testcase classname="backend.tests.test_support_legal_features.TestAuthenticatedSupportTickets" name="test_create_ticket" time="0.105" /><testcase classname="backend.tests.test_support_legal_features.TestAuthenticatedSupportTickets" name="test_list_user_tickets" time="0.115" /><testcase classname="backend.tests.test_support_legal_features.TestAuthenticatedSupportTickets" name="test_get_single_ticket" time="0.122" /><testcase classname="backend.tests.test_support_legal_features.TestAuthenticatedSupportTickets" name="test_reply_to_ticket" time="0.151" /><testcase classname="backend.tests.test_support_legal_features.TestAuthenticatedSupportTickets" name="test_close_ticket" time="0.163" /><testcase classname="backend.tests.test_support_legal_features.TestAuthenticatedSupportTickets" name="test_create_ticket_with_different_categories" time="0.304" /><testcase classname="backend.tests.test_support_legal_features.TestConsentEndpoint" name="test_consent_requires_auth" time="0.129" /><testcase classname="backend.tests.test_support_legal_features.TestConsentEndpoint" name="test_record_consent" time="0.112" /><testcase classname="backend.tests.test_support_legal_features.TestAdminSupportTickets" name="test_admin_list_all_tickets" time="0.121" /><testcase classname="backend.tests.test_support_legal_features.TestAdminSupportTickets" name="test_admin_filter_tickets_by_status" time="0.118" /><testcase classname="backend.tests.test_support_legal_features.TestTicketValidation" name="test_create_ticket_empty_subject" time="0.108" /><testcase classname="backend.tests.test_support_legal_features.TestTicketValidation" name="test_create_ticket_empty_message" time="0.099" /><testcase classname="backend.tests.test_support_legal_features.TestTicketValidation" name="test_reply_empty_text" time="0.192" /><testcase classname="backend.tests.test_support_legal_features.TestTicketValidation" name="test_get_nonexistent_ticket" time="0.116" /></testsuite></testsuites>