<?xml version="1.0" encoding="utf-8"?><testsuites name="pytest tests"><testsuite name="pytest" errors="0" failures="0" skipped="0" tests="21" time="2.307" timestamp="2026-04-02T04:51:21.430211+00:00" hostname="agent-env-5ca91b99-3673-4e06-b936-6f01e5b5cb39"><testcase classname="backend.tests.test_quick_wins_iteration7.TestOnboardingEndpoints" name="test_onboarding_status_requires_auth" time="0.117" /><testcase classname="backend.tests.test_quick_wins_iteration7.TestOnboardingEndpoints" name="test_onboarding_status_authenticated" time="0.046" /><testcase classname="backend.tests.test_quick_wins_iteration7.TestOnboardingEndpoints" name="test_onboarding_complete_requires_auth" time="0.046" /><testcase classname="backend.tests.test_quick_wins_iteration7.TestOnboardingEndpoints" name="test_onboarding_complete_step" time="0.046" /><testcase classname="backend.tests.test_quick_wins_iteration7.TestVerifyFeedEndpoints" name="test_pending_verification_requires_auth" time="0.052" /><testcase classname="backend.tests.test_quick_wins_iteration7.TestVerifyFeedEndpoints" name="test_pending_verification_authenticated" time="0.047" /><testcase classname="backend.tests.test_quick_wins_iteration7.TestVerifyFeedEndpoints" name="test_pending_verification_not_caught_by_review_id_route" time="0.046" /><testcase classname="backend.tests.test_quick_wins_iteration7.TestDailyMissionsEndpoints" name="test_daily_missions_requires_auth" time="0.043" /><testcase classname="backend.tests.test_quick_wins_iteration7.TestDailyMissionsEndpoints" name="test_daily_missions_authenticated" time="0.050" /><testcase classname="backend.tests.test_quick_wins_iteration7.TestDailyMissionsEndpoints" name="test_mission_progress_requires_auth" time="0.041" /><testcase classname="backend.tests.test_quick_wins_iteration7.TestDailyMissionsEndpoints" name="test_mission_progress_update" time="0.100" /><testcase classname="backend.tests.test_quick_wins_iteration7.TestDailyMissionsEndpoints" name="test_mission_claim_requires_auth" time="0.047" /><testcase classname="backend.tests.test_quick_wins_iteration7.TestDailyMissionsEndpoints" name="test_mission_claim_not_found" time="0.047" /><testcase classname="backend.tests.test_quick_wins_iteration7.TestPublicReviewEndpoint" name="test_public_review_no_auth_required" time="0.089" /><testcase classname="backend.tests.test_quick_wins_iteration7.TestPublicReviewEndpoint" name="test_public_review_not_found_for_pending" time="0.092" /><testcase classname="backend.tests.test_quick_wins_iteration7.TestAdaptiveTimer" name="test_review_creation_has_expires_at" time="0.094" /><testcase classname="backend.tests.test_quick_wins_iteration7.TestExistingEndpointsRegression" name="test_news_endpoint" time="0.045" /><testcase classname="backend.tests.test_quick_wins_iteration7.TestExistingEndpointsRegression" name="test_weather_widget" time="0.553" /><testcase classname="backend.tests.test_quick_wins_iteration7.TestExistingEndpointsRegression" name="test_currency_widget" time="0.513" /><testcase classname="backend.tests.test_quick_wins_iteration7.TestExistingEndpointsRegression" name="test_support_faq" time="0.044" /><testcase classname="backend.tests.test_quick_wins_iteration7.TestExistingEndpointsRegression" name="test_legal_info" time="0.051" /></testsuite></testsuites>