<?xml version="1.0" encoding="utf-8"?><testsuites name="pytest tests"><testsuite name="pytest" errors="0" failures="0" skipped="0" tests="14" time="2.489" timestamp="2026-04-02T06:50:38.125244+00:00" hostname="agent-env-5ca91b99-3673-4e06-b936-6f01e5b5cb39"><testcase classname="tests.test_mobile_auth_fix_iteration8.TestHealthEndpoint" name="test_health_returns_ok" time="0.163" /><testcase classname="tests.test_mobile_auth_fix_iteration8.TestAuthSession" name="test_auth_session_requires_session_id" time="0.103" /><testcase classname="tests.test_mobile_auth_fix_iteration8.TestAuthSession" name="test_auth_session_invalid_session_id" time="0.311" /><testcase classname="tests.test_mobile_auth_fix_iteration8.TestAuthSession" name="test_auth_session_cookie_settings" time="0.161" /><testcase classname="tests.test_mobile_auth_fix_iteration8.TestAuthMe" name="test_auth_me_without_cookie" time="0.110" /><testcase classname="tests.test_mobile_auth_fix_iteration8.TestAuthMe" name="test_auth_me_with_bearer_token" time="0.118" /><testcase classname="tests.test_mobile_auth_fix_iteration8.TestRegressionAPIs" name="test_news_endpoint" time="0.143" /><testcase classname="tests.test_mobile_auth_fix_iteration8.TestRegressionAPIs" name="test_weather_widget" time="0.616" /><testcase classname="tests.test_mobile_auth_fix_iteration8.TestRegressionAPIs" name="test_faq_endpoint" time="0.150" /><testcase classname="tests.test_mobile_auth_fix_iteration8.TestRegressionAPIs" name="test_organizations_endpoint" time="0.095" /><testcase classname="tests.test_mobile_auth_fix_iteration8.TestRegressionAPIs" name="test_reviews_endpoint" time="0.108" /><testcase classname="tests.test_mobile_auth_fix_iteration8.TestProtectedEndpoints" name="test_profile_requires_auth" time="0.100" /><testcase classname="tests.test_mobile_auth_fix_iteration8.TestProtectedEndpoints" name="test_notifications_requires_auth" time="0.103" /><testcase classname="tests.test_mobile_auth_fix_iteration8.TestProtectedEndpoints" name="test_pending_verification_requires_auth" time="0.103" /></testsuite></testsuites>