<?xml version="1.0" encoding="utf-8"?><testsuites name="pytest tests"><testsuite name="pytest" errors="0" failures="0" skipped="0" tests="34" time="7.701" timestamp="2026-04-03T13:56:47.235177+00:00" hostname="agent-env-805f3500-f9a1-4b05-bc38-86992257ef5a"><testcase classname="backend.tests.test_councils_iteration10.TestCouncilLevels" name="test_get_council_levels" time="0.295" /><testcase classname="backend.tests.test_councils_iteration10.TestCouncilList" name="test_list_councils_no_auth" time="0.115" /><testcase classname="backend.tests.test_councils_iteration10.TestCouncilList" name="test_list_councils_with_level_filter" time="0.102" /><testcase classname="backend.tests.test_councils_iteration10.TestCouncilCreate" name="test_create_council_requires_auth" time="0.120" /><testcase classname="backend.tests.test_councils_iteration10.TestCouncilCreate" name="test_create_council_requires_legal_consent" time="0.103" /><testcase classname="backend.tests.test_councils_iteration10.TestCouncilCreate" name="test_create_council_success" time="0.107" /><testcase classname="backend.tests.test_councils_iteration10.TestCouncilGet" name="test_get_council_success" time="0.119" /><testcase classname="backend.tests.test_councils_iteration10.TestCouncilGet" name="test_get_council_not_found" time="0.105" /><testcase classname="backend.tests.test_councils_iteration10.TestCouncilConfirm" name="test_confirm_requires_auth" time="0.102" /><testcase classname="backend.tests.test_councils_iteration10.TestCouncilConfirm" name="test_confirm_requires_verification_level_2" time="0.099" /><testcase classname="backend.tests.test_councils_iteration10.TestCouncilConfirm" name="test_confirm_with_verified_user" time="0.109" /><testcase classname="backend.tests.test_councils_iteration10.TestCouncilJoinLeave" name="test_join_council_requires_auth" time="0.115" /><testcase classname="backend.tests.test_councils_iteration10.TestCouncilJoinLeave" name="test_join_council_success" time="0.108" /><testcase classname="backend.tests.test_councils_iteration10.TestCouncilJoinLeave" name="test_leave_council_requires_auth" time="0.102" /><testcase classname="backend.tests.test_councils_iteration10.TestCouncilJoinLeave" name="test_chairman_cannot_leave" time="0.228" /><testcase classname="backend.tests.test_councils_iteration10.TestCouncilDiscussions" name="test_list_discussions" time="0.143" /><testcase classname="backend.tests.test_councils_iteration10.TestCouncilDiscussions" name="test_create_discussion_requires_auth" time="0.116" /><testcase classname="backend.tests.test_councils_iteration10.TestCouncilDiscussions" name="test_create_discussion_requires_membership" time="0.153" /><testcase classname="backend.tests.test_councils_iteration10.TestCouncilDiscussions" name="test_reply_to_discussion" time="0.144" /><testcase classname="backend.tests.test_councils_iteration10.TestCouncilVotes" name="test_list_votes" time="0.107" /><testcase classname="backend.tests.test_councils_iteration10.TestCouncilVotes" name="test_create_vote_requires_auth" time="0.102" /><testcase classname="backend.tests.test_councils_iteration10.TestCouncilVotes" name="test_create_vote_requires_chairman_or_rep" time="0.100" /><testcase classname="backend.tests.test_councils_iteration10.TestCouncilVotes" name="test_cast_vote" time="0.216" /><testcase classname="backend.tests.test_councils_iteration10.TestCouncilNews" name="test_list_news" time="0.105" /><testcase classname="backend.tests.test_councils_iteration10.TestCouncilNews" name="test_create_news_requires_auth" time="0.097" /><testcase classname="backend.tests.test_councils_iteration10.TestCouncilNews" name="test_create_news_requires_chairman_or_rep" time="3.093" /><testcase classname="backend.tests.test_councils_iteration10.TestCouncilNews" name="test_moderate_news_requires_auth" time="0.117" /><testcase classname="backend.tests.test_councils_iteration10.TestCouncilNews" name="test_moderate_news_approve" time="0.247" /><testcase classname="backend.tests.test_councils_iteration10.TestCouncilNominations" name="test_get_nominations" time="0.106" /><testcase classname="backend.tests.test_councils_iteration10.TestCouncilNominations" name="test_nominate_requires_auth" time="0.110" /><testcase classname="backend.tests.test_councils_iteration10.TestCouncilNominations" name="test_nominate_requires_membership" time="0.271" /><testcase classname="backend.tests.test_councils_iteration10.TestCouncilNominations" name="test_elect_representatives_requires_chairman" time="0.108" /><testcase classname="backend.tests.test_councils_iteration10.TestCouncilComplaints" name="test_complaint_requires_auth" time="0.099" /><testcase classname="backend.tests.test_councils_iteration10.TestCouncilComplaints" name="test_file_complaint" time="0.122" /></testsuite></testsuites>