<?xml version="1.0" encoding="utf-8"?><testsuites name="pytest tests"><testsuite name="pytest" errors="0" failures="0" skipped="0" tests="30" time="6.828" timestamp="2026-04-09T13:15:27.607787+00:00" hostname="agent-env-805f3500-f9a1-4b05-bc38-86992257ef5a"><testcase classname="backend.tests.test_councils_iteration11.TestCouncilLevels" name="test_get_levels_returns_hierarchy" time="0.190" /><testcase classname="backend.tests.test_councils_iteration11.TestCouncilCreation" name="test_create_council_requires_auth" time="0.135" /><testcase classname="backend.tests.test_councils_iteration11.TestCouncilCreation" name="test_create_council_requires_legal_consent" time="0.119" /><testcase classname="backend.tests.test_councils_iteration11.TestCouncilCreation" name="test_create_council_requires_street_and_house" time="0.156" /><testcase classname="backend.tests.test_councils_iteration11.TestCouncilCreation" name="test_create_council_always_creates_yard_level" time="0.122" /><testcase classname="backend.tests.test_councils_iteration11.TestCouncilCreation" name="test_create_council_rejects_duplicate_address" time="0.220" /><testcase classname="backend.tests.test_councils_iteration11.TestCouncilFormation" name="test_get_formation_for_yard_council" time="0.121" /><testcase classname="backend.tests.test_councils_iteration11.TestCouncilFormation" name="test_formation_returns_100_for_non_yard" time="0.115" /><testcase classname="backend.tests.test_councils_iteration11.TestCouncilFormation" name="test_formation_404_for_nonexistent" time="0.115" /><testcase classname="backend.tests.test_councils_iteration11.TestCouncilConfirmation" name="test_confirm_requires_auth" time="0.109" /><testcase classname="backend.tests.test_councils_iteration11.TestCouncilConfirmation" name="test_confirm_requires_verification_level" time="0.122" /><testcase classname="backend.tests.test_councils_iteration11.TestCouncilJoin" name="test_join_requires_auth" time="0.110" /><testcase classname="backend.tests.test_councils_iteration11.TestCouncilJoin" name="test_join_council" time="0.142" /><testcase classname="backend.tests.test_councils_iteration11.TestCouncilDiscussions" name="test_create_discussion_requires_auth" time="0.121" /><testcase classname="backend.tests.test_councils_iteration11.TestCouncilDiscussions" name="test_create_discussion_requires_membership" time="0.136" /><testcase classname="backend.tests.test_councils_iteration11.TestCouncilNews" name="test_create_news_requires_auth" time="0.104" /><testcase classname="backend.tests.test_councils_iteration11.TestCouncilNews" name="test_create_news_requires_chairman_or_rep" time="3.077" /><testcase classname="backend.tests.test_councils_iteration11.TestEscalation" name="test_initiate_escalation_requires_auth" time="0.161" /><testcase classname="backend.tests.test_councils_iteration11.TestEscalation" name="test_initiate_escalation_requires_chairman_or_rep" time="0.104" /><testcase classname="backend.tests.test_councils_iteration11.TestEscalation" name="test_initiate_escalation_requires_formed_council" time="0.170" /><testcase classname="backend.tests.test_councils_iteration11.TestEscalation" name="test_list_active_escalations" time="0.102" /><testcase classname="backend.tests.test_councils_iteration11.TestEscalation" name="test_vote_on_escalation_requires_auth" time="0.113" /><testcase classname="backend.tests.test_councils_iteration11.TestEscalation" name="test_vote_on_escalation_requires_eligible_council" time="0.107" /><testcase classname="backend.tests.test_councils_iteration11.TestEscalation" name="test_vote_on_nonexistent_escalation" time="0.105" /><testcase classname="backend.tests.test_councils_iteration11.TestExistingCouncils" name="test_existing_yard_council_1" time="0.096" /><testcase classname="backend.tests.test_councils_iteration11.TestExistingCouncils" name="test_existing_yard_council_2" time="0.107" /><testcase classname="backend.tests.test_councils_iteration11.TestExistingCouncils" name="test_existing_district_council" time="0.123" /><testcase classname="backend.tests.test_councils_iteration11.TestCouncilListFiltering" name="test_list_all_councils" time="0.123" /><testcase classname="backend.tests.test_councils_iteration11.TestCouncilListFiltering" name="test_list_councils_by_level" time="0.106" /><testcase classname="backend.tests.test_councils_iteration11.TestCouncilListFiltering" name="test_list_councils_by_status" time="0.108" /></testsuite></testsuites>