<?xml version="1.0" encoding="utf-8"?><testsuites name="pytest tests"><testsuite name="pytest" errors="0" failures="1" skipped="0" tests="35" time="3.198" timestamp="2026-04-03T02:21:57.534656+00:00" hostname="agent-env-5ca91b99-3673-4e06-b936-6f01e5b5cb39"><testcase classname="backend.tests.test_iteration9_new_features.TestLegalInfo" name="test_legal_info_returns_kyrgyzstan" time="0.198" /><testcase classname="backend.tests.test_iteration9_new_features.TestGovCategories" name="test_get_gov_categories_returns_15" time="0.052" /><testcase classname="backend.tests.test_iteration9_new_features.TestGovOfficials" name="test_create_official_requires_auth" time="0.050" /><testcase classname="backend.tests.test_iteration9_new_features.TestGovOfficials" name="test_create_official_valid_category" time="0.135" /><testcase classname="backend.tests.test_iteration9_new_features.TestGovOfficials" name="test_create_official_invalid_category" time="0.089" /><testcase classname="backend.tests.test_iteration9_new_features.TestGovOfficials" name="test_create_official_banned_keyword_fsb" time="0.047" /><testcase classname="backend.tests.test_iteration9_new_features.TestGovOfficials" name="test_create_official_banned_keyword_military" time="0.047" /><testcase classname="backend.tests.test_iteration9_new_features.TestGovOfficials" name="test_create_official_banned_keyword_gru" time="0.051" /><testcase classname="backend.tests.test_iteration9_new_features.TestGovOfficials" name="test_list_officials" time="0.045" /><testcase classname="backend.tests.test_iteration9_new_features.TestGovOfficials" name="test_list_officials_filter_category" time="0.043" /><testcase classname="backend.tests.test_iteration9_new_features.TestGovOfficials" name="test_list_officials_search" time="0.047" /><testcase classname="backend.tests.test_iteration9_new_features.TestGovReviews" name="test_create_gov_review_requires_auth" time="0.093" /><testcase classname="backend.tests.test_iteration9_new_features.TestGovReviews" name="test_create_gov_review_success" time="0.094" /><testcase classname="backend.tests.test_iteration9_new_features.TestGovReviews" name="test_create_gov_review_banned_content" time="0.119" /><testcase classname="backend.tests.test_iteration9_new_features.TestGovReviews" name="test_list_gov_reviews" time="0.051" /><testcase classname="backend.tests.test_iteration9_new_features.TestGovReviews" name="test_list_gov_reviews_filter_official" time="0.086" /><testcase classname="backend.tests.test_iteration9_new_features.TestCouncilLevels" name="test_get_council_levels_returns_5" time="0.044" /><testcase classname="backend.tests.test_iteration9_new_features.TestCouncils" name="test_create_council_requires_auth" time="0.045" /><testcase classname="backend.tests.test_iteration9_new_features.TestCouncils" name="test_create_council_success" time="0.050" /><testcase classname="backend.tests.test_iteration9_new_features.TestCouncils" name="test_list_councils" time="0.048" /><testcase classname="backend.tests.test_iteration9_new_features.TestCouncils" name="test_list_councils_filter_level" time="0.047" /><testcase classname="backend.tests.test_iteration9_new_features.TestCouncilMembership" name="test_join_council" time="0.172" /><testcase classname="backend.tests.test_iteration9_new_features.TestCouncilMembership" name="test_leave_council_non_chairman" time="0.145" /><testcase classname="backend.tests.test_iteration9_new_features.TestCouncilMembership" name="test_chairman_cannot_leave" time="0.140" /><testcase classname="backend.tests.test_iteration9_new_features.TestCouncilDiscussions" name="test_create_discussion_members_only" time="0.098" /><testcase classname="backend.tests.test_iteration9_new_features.TestCouncilDiscussions" name="test_create_discussion_success" time="0.103" /><testcase classname="backend.tests.test_iteration9_new_features.TestCouncilDiscussions" name="test_list_discussions" time="0.107" /><testcase classname="backend.tests.test_iteration9_new_features.TestCouncilDiscussions" name="test_reply_to_discussion" time="0.150" /><testcase classname="backend.tests.test_iteration9_new_features.TestCouncilVotes" name="test_create_vote_chairman_only" time="0.100" /><testcase classname="backend.tests.test_iteration9_new_features.TestCouncilVotes" name="test_create_vote_success" time="0.134" /><testcase classname="backend.tests.test_iteration9_new_features.TestCouncilVotes" name="test_cast_vote" time="0.165" /><testcase classname="backend.tests.test_iteration9_new_features.TestVerificationRequirements" name="test_verification_without_photos_fails" time="0.051" /><testcase classname="backend.tests.test_iteration9_new_features.TestVerificationRequirements" name="test_verification_without_comment_fails" time="0.048" /><testcase classname="backend.tests.test_iteration9_new_features.TestVerificationRequirements" name="test_verification_short_comment_fails" time="0.054"><failure message="AssertionError: Should fail with short comment, got 422: {&quot;detail&quot;:[{&quot;type&quot;:&quot;string_too_short&quot;,&quot;loc&quot;:[&quot;body&quot;,&quot;comment&quot;],&quot;msg&quot;:&quot;String should have at least 20 characters&quot;,&quot;input&quot;:&quot;Short comment&quot;,&quot;ctx&quot;:{&quot;min_length&quot;:20},&quot;url&quot;:&quot;https://errors.pydantic.dev/2.12/v/string_too_short&quot;}]}&#10;assert 422 == 400&#10; +  where 422 = &lt;Response [422]&gt;.status_code">backend/tests/test_iteration9_new_features.py:622: in test_verification_short_comment_fails
    assert response.status_code == 400, f"Should fail with short comment, got {response.status_code}: {response.text}"
E   AssertionError: Should fail with short comment, got 422: {"detail":[{"type":"string_too_short","loc":["body","comment"],"msg":"String should have at least 20 characters","input":"Short comment","ctx":{"min_length":20},"url":"https://errors.pydantic.dev/2.12/v/string_too_short"}]}
E   assert 422 == 400
E    +  where 422 = &lt;Response [422]&gt;.status_code</failure></testcase><testcase classname="backend.tests.test_iteration9_new_features.TestVerificationRequirements" name="test_verification_success_with_photo_and_comment" time="0.077" /></testsuite></testsuites>