<?xml version="1.0" encoding="utf-8"?><testsuites name="pytest tests"><testsuite name="pytest" errors="0" failures="0" skipped="0" tests="25" time="4.684" timestamp="2026-02-23T09:03:55.713426+00:00" hostname="agent-env-5ca91b99-3673-4e06-b936-6f01e5b5cb39"><testcase classname="backend.tests.test_new_features.TestHealthAndRoot" name="test_health_endpoint" time="0.121" /><testcase classname="backend.tests.test_new_features.TestHealthAndRoot" name="test_root_endpoint" time="0.102" /><testcase classname="backend.tests.test_new_features.TestNewsFeedAPI" name="test_get_news_list" time="0.105" /><testcase classname="backend.tests.test_new_features.TestNewsFeedAPI" name="test_get_news_with_level_filter" time="0.101" /><testcase classname="backend.tests.test_new_features.TestNewsFeedAPI" name="test_get_news_with_category_filter" time="0.096" /><testcase classname="backend.tests.test_new_features.TestNewsFeedAPI" name="test_create_news_requires_auth" time="0.102" /><testcase classname="backend.tests.test_new_features.TestNewsFeedAPI" name="test_like_news_requires_auth" time="0.209" /><testcase classname="backend.tests.test_new_features.TestNewsFeedAPI" name="test_get_news_comments" time="0.197" /><testcase classname="backend.tests.test_new_features.TestWidgetsAPI" name="test_get_weather" time="0.670" /><testcase classname="backend.tests.test_new_features.TestWidgetsAPI" name="test_get_currency_rates" time="0.545" /><testcase classname="backend.tests.test_new_features.TestWidgetsAPI" name="test_get_magnetic_storms" time="0.279" /><testcase classname="backend.tests.test_new_features.TestWidgetsAPI" name="test_search_locations" time="0.718" /><testcase classname="backend.tests.test_new_features.TestWidgetsAPI" name="test_search_locations_short_query" time="0.099" /><testcase classname="backend.tests.test_new_features.TestProblemsMapAPI" name="test_get_problems_map" time="0.094" /><testcase classname="backend.tests.test_new_features.TestProblemsMapAPI" name="test_problems_have_valid_status" time="0.106" /><testcase classname="backend.tests.test_new_features.TestVerificationAPI" name="test_verification_status_requires_auth" time="0.095" /><testcase classname="backend.tests.test_new_features.TestVerificationAPI" name="test_send_phone_code_requires_auth" time="0.093" /><testcase classname="backend.tests.test_new_features.TestVerificationAPI" name="test_confirm_phone_requires_auth" time="0.113" /><testcase classname="backend.tests.test_new_features.TestVerificationAPI" name="test_verify_passport_requires_auth" time="0.095" /><testcase classname="backend.tests.test_new_features.TestVerificationAPI" name="test_bank_id_requires_auth" time="0.120" /><testcase classname="backend.tests.test_new_features.TestVerificationAPI" name="test_yandex_id_requires_auth" time="0.094" /><testcase classname="backend.tests.test_new_features.TestExistingAPIs" name="test_organizations_list" time="0.107" /><testcase classname="backend.tests.test_new_features.TestExistingAPIs" name="test_reviews_list" time="0.098" /><testcase classname="backend.tests.test_new_features.TestExistingAPIs" name="test_rewards_list" time="0.101" /><testcase classname="backend.tests.test_new_features.TestExistingAPIs" name="test_leaderboard" time="0.101" /></testsuite></testsuites>