<?xml version="1.0" encoding="utf-8"?><testsuites name="pytest tests"><testsuite name="pytest" errors="0" failures="0" skipped="0" tests="29" time="4.008" timestamp="2026-04-09T13:55:30.152892+00:00" hostname="agent-env-805f3500-f9a1-4b05-bc38-86992257ef5a"><testcase classname="backend.tests.test_iteration12_new_features.TestPublicStats" name="test_public_stats_returns_200" time="0.301" /><testcase classname="backend.tests.test_iteration12_new_features.TestPublicStats" name="test_public_stats_council_by_level" time="0.154" /><testcase classname="backend.tests.test_iteration12_new_features.TestPublicStats" name="test_public_stats_top_orgs" time="0.132" /><testcase classname="backend.tests.test_iteration12_new_features.TestMoodSystem" name="test_global_mood_stats_returns_200" time="0.126" /><testcase classname="backend.tests.test_iteration12_new_features.TestMoodSystem" name="test_council_mood_stats_returns_200" time="0.139" /><testcase classname="backend.tests.test_iteration12_new_features.TestMoodSystem" name="test_set_mood_requires_auth" time="0.125" /><testcase classname="backend.tests.test_iteration12_new_features.TestMoodSystem" name="test_set_mood_with_auth" time="0.150" /><testcase classname="backend.tests.test_iteration12_new_features.TestMoodSystem" name="test_set_mood_invalid_value" time="0.118" /><testcase classname="backend.tests.test_iteration12_new_features.TestMoodSystem" name="test_set_mood_for_council" time="0.147" /><testcase classname="backend.tests.test_iteration12_new_features.TestMoodSystem" name="test_get_my_moods_requires_auth" time="0.197" /><testcase classname="backend.tests.test_iteration12_new_features.TestMoodSystem" name="test_get_my_moods_with_auth" time="0.167" /><testcase classname="backend.tests.test_iteration12_new_features.TestPublicOrgPage" name="test_public_org_page_returns_200" time="0.151" /><testcase classname="backend.tests.test_iteration12_new_features.TestPublicOrgPage" name="test_public_org_page_rating_distribution" time="0.134" /><testcase classname="backend.tests.test_iteration12_new_features.TestPublicOrgPage" name="test_public_org_page_not_found" time="0.128" /><testcase classname="backend.tests.test_iteration12_new_features.TestPushNotifications" name="test_vapid_key_returns_200" time="0.109" /><testcase classname="backend.tests.test_iteration12_new_features.TestPushNotifications" name="test_push_subscribe_requires_auth" time="0.108" /><testcase classname="backend.tests.test_iteration12_new_features.TestPushNotifications" name="test_push_subscribe_with_auth" time="0.123" /><testcase classname="backend.tests.test_iteration12_new_features.TestPushNotifications" name="test_push_subscribe_missing_subscription" time="0.121" /><testcase classname="backend.tests.test_iteration12_new_features.TestTelegramAdminPanel" name="test_telegram_config_requires_admin" time="0.118" /><testcase classname="backend.tests.test_iteration12_new_features.TestTelegramAdminPanel" name="test_telegram_config_with_admin" time="0.136" /><testcase classname="backend.tests.test_iteration12_new_features.TestTelegramAdminPanel" name="test_add_telegram_staff_requires_admin" time="0.114" /><testcase classname="backend.tests.test_iteration12_new_features.TestTelegramAdminPanel" name="test_add_telegram_staff_with_admin" time="0.108" /><testcase classname="backend.tests.test_iteration12_new_features.TestTelegramAdminPanel" name="test_add_telegram_staff_missing_user_id" time="0.130" /><testcase classname="backend.tests.test_iteration12_new_features.TestMoodLevels" name="test_all_mood_levels_valid[excellent]" time="0.117" /><testcase classname="backend.tests.test_iteration12_new_features.TestMoodLevels" name="test_all_mood_levels_valid[normal]" time="0.112" /><testcase classname="backend.tests.test_iteration12_new_features.TestMoodLevels" name="test_all_mood_levels_valid[mild_upset]" time="0.115" /><testcase classname="backend.tests.test_iteration12_new_features.TestMoodLevels" name="test_all_mood_levels_valid[dissatisfaction]" time="0.107" /><testcase classname="backend.tests.test_iteration12_new_features.TestMoodLevels" name="test_all_mood_levels_valid[stress]" time="0.115" /><testcase classname="backend.tests.test_iteration12_new_features.TestMoodLevels" name="test_all_mood_levels_valid[anger]" time="0.113" /></testsuite></testsuites>