<?xml version="1.0" encoding="utf-8"?><testsuites name="pytest tests"><testsuite name="pytest" errors="0" failures="0" skipped="0" tests="20" time="2.969" timestamp="2026-04-10T07:19:25.771353+00:00" hostname="agent-env-805f3500-f9a1-4b05-bc38-86992257ef5a"><testcase classname="backend.tests.test_iteration13_p2_features.TestStreakSystem" name="test_streak_checkin_creates_or_updates_streak" time="0.289" /><testcase classname="backend.tests.test_iteration13_p2_features.TestStreakSystem" name="test_streak_checkin_second_call_same_day" time="0.146" /><testcase classname="backend.tests.test_iteration13_p2_features.TestStreakSystem" name="test_get_streak_info" time="0.102" /><testcase classname="backend.tests.test_iteration13_p2_features.TestStreakSystem" name="test_streak_requires_auth" time="0.134" /><testcase classname="backend.tests.test_iteration13_p2_features.TestDistrictChats" name="test_get_district_messages_with_district" time="0.105" /><testcase classname="backend.tests.test_iteration13_p2_features.TestDistrictChats" name="test_post_district_message" time="0.156" /><testcase classname="backend.tests.test_iteration13_p2_features.TestDistrictChats" name="test_post_district_message_validates_length" time="0.146" /><testcase classname="backend.tests.test_iteration13_p2_features.TestDistrictChats" name="test_district_chat_requires_district_in_profile" time="0.146" /><testcase classname="backend.tests.test_iteration13_p2_features.TestDistrictChats" name="test_district_chat_requires_auth" time="0.145" /><testcase classname="backend.tests.test_iteration13_p2_features.TestTelegramIntegration" name="test_telegram_link_creates_code" time="0.223" /><testcase classname="backend.tests.test_iteration13_p2_features.TestTelegramIntegration" name="test_telegram_status" time="0.099" /><testcase classname="backend.tests.test_iteration13_p2_features.TestTelegramIntegration" name="test_telegram_endpoints_require_auth" time="0.141" /><testcase classname="backend.tests.test_iteration13_p2_features.TestOrgResponses" name="test_org_respond_requires_manager_role" time="0.110" /><testcase classname="backend.tests.test_iteration13_p2_features.TestOrgResponses" name="test_get_review_response" time="0.099" /><testcase classname="backend.tests.test_iteration13_p2_features.TestOrgResponses" name="test_get_org_responses" time="0.123" /><testcase classname="backend.tests.test_iteration13_p2_features.TestOrgResponses" name="test_set_org_manager_admin_only" time="0.201" /><testcase classname="backend.tests.test_iteration13_p2_features.TestOrgResponses" name="test_org_manager_can_respond" time="0.203" /><testcase classname="backend.tests.test_iteration13_p2_features.TestOrgResponses" name="test_org_respond_validates_text" time="0.102" /><testcase classname="backend.tests.test_iteration13_p2_features.TestOrgResponses" name="test_org_respond_review_not_found" time="0.106" /><testcase classname="backend.tests.test_iteration13_p2_features.TestStreakRewards" name="test_streak_rewards_milestones" time="0.098" /></testsuite></testsuites>